<?xml version="1.0" encoding="UTF-8"?>
<!-- Generated by org.testng.reporters.JUnitReportReporter -->
<testsuite hostname="DESKTOP-Q3BMSTV" failures="0" tests="3" name="com.QL.testcases.LoginPageTest" time="20.608" errors="0" timestamp="2024-10-21T17:39:44 IST" skipped="0">
  <testcase classname="com.QL.testcases.LoginPageTest" name="LoginTitleTest" time="7.732"/>
  <testcase classname="com.QL.testcases.LoginPageTest" name="loginTest" time="6.795"/>
  <testcase classname="com.QL.testcases.LoginPageTest" name="LoginLogoTest" time="6.081"/>
</testsuite> <!-- com.QL.testcases.LoginPageTest -->
