<?xml version="1.0" encoding="UTF-8"?>
<!-- Generated by org.testng.reporters.JUnitReportReporter -->
<testsuite hostname="DESKTOP-Q3BMSTV" failures="0" tests="1" name="testCases.LoginPageTest" time="11.696" errors="0" timestamp="2024-10-21T17:38:31 IST" skipped="0">
  <testcase classname="testCases.LoginPageTest" name="LoginTest" time="11.696"/>
</testsuite> <!-- testCases.LoginPageTest -->
